c:\fun\3d-hevc\htm\htm-16.0\htm-16.0-mv-draft-5\build\vc2015\x64\release\tlibcommon\tlibcommon.pdb
c:\fun\3d-hevc\htm\htm-16.0\htm-16.0-mv-draft-5\build\vc2015\x64\release\tlibcommon\libmd5.obj
c:\fun\3d-hevc\htm\htm-16.0\htm-16.0-mv-draft-5\build\vc2015\x64\release\tlibcommon\tcomrom.obj
c:\fun\3d-hevc\htm\htm-16.0\htm-16.0-mv-draft-5\build\vc2015\x64\release\tlibcommon\tcomrdcostweightprediction.obj
c:\fun\3d-hevc\htm\htm-16.0\htm-16.0-mv-draft-5\build\vc2015\x64\release\tlibcommon\tcomrdcost.obj
c:\fun\3d-hevc\htm\htm-16.0\htm-16.0-mv-draft-5\build\vc2015\x64\release\tlibcommon\tcomprediction.obj
c:\fun\3d-hevc\htm\htm-16.0\htm-16.0-mv-draft-5\build\vc2015\x64\release\tlibcommon\tcompicyuvmd5.obj
c:\fun\3d-hevc\htm\htm-16.0\htm-16.0-mv-draft-5\build\vc2015\x64\release\tlibcommon\tcompicyuv.obj
c:\fun\3d-hevc\htm\htm-16.0\htm-16.0-mv-draft-5\build\vc2015\x64\release\tlibcommon\tcompicsym.obj
c:\fun\3d-hevc\htm\htm-16.0\htm-16.0-mv-draft-5\build\vc2015\x64\release\tlibcommon\tcompic.obj
c:\fun\3d-hevc\htm\htm-16.0\htm-16.0-mv-draft-5\build\vc2015\x64\release\tlibcommon\tcompattern.obj
c:\fun\3d-hevc\htm\htm-16.0\htm-16.0-mv-draft-5\build\vc2015\x64\release\tlibcommon\tcommotioninfo.obj
c:\fun\3d-hevc\htm\htm-16.0\htm-16.0-mv-draft-5\build\vc2015\x64\release\tlibcommon\tcomloopfilter.obj
c:\fun\3d-hevc\htm\htm-16.0\htm-16.0-mv-draft-5\build\vc2015\x64\release\tlibcommon\tcominterpolationfilter.obj
c:\fun\3d-hevc\htm\htm-16.0\htm-16.0-mv-draft-5\build\vc2015\x64\release\tlibcommon\tcomdatacu.obj
c:\fun\3d-hevc\htm\htm-16.0\htm-16.0-mv-draft-5\build\vc2015\x64\release\tlibcommon\tcomchromaformat.obj
c:\fun\3d-hevc\htm\htm-16.0\htm-16.0-mv-draft-5\build\vc2015\x64\release\tlibcommon\tcomcabactables.obj
c:\fun\3d-hevc\htm\htm-16.0\htm-16.0-mv-draft-5\build\vc2015\x64\release\tlibcommon\tcombitstream.obj
c:\fun\3d-hevc\htm\htm-16.0\htm-16.0-mv-draft-5\build\vc2015\x64\release\tlibcommon\sei.obj
c:\fun\3d-hevc\htm\htm-16.0\htm-16.0-mv-draft-5\build\vc2015\x64\release\tlibcommon\debug.obj
c:\fun\3d-hevc\htm\htm-16.0\htm-16.0-mv-draft-5\build\vc2015\x64\release\tlibcommon\contextmodel3dbuffer.obj
c:\fun\3d-hevc\htm\htm-16.0\htm-16.0-mv-draft-5\build\vc2015\x64\release\tlibcommon\contextmodel.obj
c:\fun\3d-hevc\htm\htm-16.0\htm-16.0-mv-draft-5\build\vc2015\x64\release\tlibcommon\tcomyuv.obj
c:\fun\3d-hevc\htm\htm-16.0\htm-16.0-mv-draft-5\build\vc2015\x64\release\tlibcommon\tcomweightprediction.obj
c:\fun\3d-hevc\htm\htm-16.0\htm-16.0-mv-draft-5\build\vc2015\x64\release\tlibcommon\tcomwedgelet.obj
c:\fun\3d-hevc\htm\htm-16.0\htm-16.0-mv-draft-5\build\vc2015\x64\release\tlibcommon\tcomtu.obj
c:\fun\3d-hevc\htm\htm-16.0\htm-16.0-mv-draft-5\build\vc2015\x64\release\tlibcommon\tcomtrquant.obj
c:\fun\3d-hevc\htm\htm-16.0\htm-16.0-mv-draft-5\build\vc2015\x64\release\tlibcommon\tcomslice.obj
c:\fun\3d-hevc\htm\htm-16.0\htm-16.0-mv-draft-5\build\vc2015\x64\release\tlibcommon\tcomsampleadaptiveoffset.obj
c:\fun\3d-hevc\htm\htm-16.0\htm-16.0-mv-draft-5\build\vc2015\x64\release\tlibcommon\tlibcommon.lib
c:\temp\htm-16.0-mv-draft-5\build\vc2015\x64\release\tlibcommon\contextmodel.obj
c:\temp\htm-16.0-mv-draft-5\build\vc2015\x64\release\tlibcommon\contextmodel3dbuffer.obj
c:\temp\htm-16.0-mv-draft-5\build\vc2015\x64\release\tlibcommon\debug.obj
c:\temp\htm-16.0-mv-draft-5\build\vc2015\x64\release\tlibcommon\libmd5.obj
c:\temp\htm-16.0-mv-draft-5\build\vc2015\x64\release\tlibcommon\sei.obj
c:\temp\htm-16.0-mv-draft-5\build\vc2015\x64\release\tlibcommon\tcombitstream.obj
c:\temp\htm-16.0-mv-draft-5\build\vc2015\x64\release\tlibcommon\tcomcabactables.obj
c:\temp\htm-16.0-mv-draft-5\build\vc2015\x64\release\tlibcommon\tcomchromaformat.obj
c:\temp\htm-16.0-mv-draft-5\build\vc2015\x64\release\tlibcommon\tcomdatacu.obj
c:\temp\htm-16.0-mv-draft-5\build\vc2015\x64\release\tlibcommon\tcominterpolationfilter.obj
c:\temp\htm-16.0-mv-draft-5\build\vc2015\x64\release\tlibcommon\tcomloopfilter.obj
c:\temp\htm-16.0-mv-draft-5\build\vc2015\x64\release\tlibcommon\tcommotioninfo.obj
c:\temp\htm-16.0-mv-draft-5\build\vc2015\x64\release\tlibcommon\tcompattern.obj
c:\temp\htm-16.0-mv-draft-5\build\vc2015\x64\release\tlibcommon\tcompic.obj
c:\temp\htm-16.0-mv-draft-5\build\vc2015\x64\release\tlibcommon\tcompicsym.obj
c:\temp\htm-16.0-mv-draft-5\build\vc2015\x64\release\tlibcommon\tcompicyuv.obj
c:\temp\htm-16.0-mv-draft-5\build\vc2015\x64\release\tlibcommon\tcompicyuvmd5.obj
c:\temp\htm-16.0-mv-draft-5\build\vc2015\x64\release\tlibcommon\tcomprediction.obj
c:\temp\htm-16.0-mv-draft-5\build\vc2015\x64\release\tlibcommon\tcomrdcost.obj
c:\temp\htm-16.0-mv-draft-5\build\vc2015\x64\release\tlibcommon\tcomrdcostweightprediction.obj
c:\temp\htm-16.0-mv-draft-5\build\vc2015\x64\release\tlibcommon\tcomrom.obj
c:\temp\htm-16.0-mv-draft-5\build\vc2015\x64\release\tlibcommon\tcomsampleadaptiveoffset.obj
c:\temp\htm-16.0-mv-draft-5\build\vc2015\x64\release\tlibcommon\tcomslice.obj
c:\temp\htm-16.0-mv-draft-5\build\vc2015\x64\release\tlibcommon\tcomtrquant.obj
c:\temp\htm-16.0-mv-draft-5\build\vc2015\x64\release\tlibcommon\tcomtu.obj
c:\temp\htm-16.0-mv-draft-5\build\vc2015\x64\release\tlibcommon\tcomwedgelet.obj
c:\temp\htm-16.0-mv-draft-5\build\vc2015\x64\release\tlibcommon\tcomweightprediction.obj
c:\temp\htm-16.0-mv-draft-5\build\vc2015\x64\release\tlibcommon\tcomyuv.obj
c:\temp\htm-16.0-mv-draft-5\build\vc2015\x64\release\tlibcommon\tlibcommon.pdb
c:\temp\htm-16.0-mv-draft-5\build\\vc2015\x64\release\tlibcommon\tlibcommon.pdb
c:\temp\htm-16.0-mv-draft-5\build\\vc2015\x64\release\tlibcommon\tlibcommon.lib
c:\temp\htm-16.0-mv-draft-5\build\vc2015\x64\release\tlibcommon\tlibcommon.tlog\cl.command.1.tlog
c:\temp\htm-16.0-mv-draft-5\build\vc2015\x64\release\tlibcommon\tlibcommon.tlog\cl.read.1.tlog
c:\temp\htm-16.0-mv-draft-5\build\vc2015\x64\release\tlibcommon\tlibcommon.tlog\cl.write.1.tlog
c:\temp\htm-16.0-mv-draft-5\build\vc2015\x64\release\tlibcommon\tlibcommon.tlog\lib-link.read.1.tlog
c:\temp\htm-16.0-mv-draft-5\build\vc2015\x64\release\tlibcommon\tlibcommon.tlog\lib-link.write.1.tlog
c:\temp\htm-16.0-mv-draft-5\build\vc2015\x64\release\tlibcommon\tlibcommon.tlog\lib.command.1.tlog
