c:\fun\3d-hevc\htm\htm-16.0\htm-16.0-mv-draft-5\build\vc2015\x64\debug\tlibencoder\tlibencoder.pdb
c:\fun\3d-hevc\htm\htm-16.0\htm-16.0-mv-draft-5\build\vc2015\x64\debug\tlibencoder\tlibencoder.idb
c:\fun\3d-hevc\htm\htm-16.0\htm-16.0-mv-draft-5\build\vc2015\x64\debug\tlibencoder\nalwrite.obj
c:\fun\3d-hevc\htm\htm-16.0\htm-16.0-mv-draft-5\build\vc2015\x64\debug\tlibencoder\seiencoder.obj
c:\fun\3d-hevc\htm\htm-16.0\htm-16.0-mv-draft-5\build\vc2015\x64\debug\tlibencoder\seiwrite.obj
c:\fun\3d-hevc\htm\htm-16.0\htm-16.0-mv-draft-5\build\vc2015\x64\debug\tlibencoder\syntaxelementwriter.obj
c:\fun\3d-hevc\htm\htm-16.0\htm-16.0-mv-draft-5\build\vc2015\x64\debug\tlibencoder\tencbincodercabac.obj
c:\fun\3d-hevc\htm\htm-16.0\htm-16.0-mv-draft-5\build\vc2015\x64\debug\tlibencoder\tencbincodercabaccounter.obj
c:\fun\3d-hevc\htm\htm-16.0\htm-16.0-mv-draft-5\build\vc2015\x64\debug\tlibencoder\tenccavlc.obj
c:\fun\3d-hevc\htm\htm-16.0\htm-16.0-mv-draft-5\build\vc2015\x64\debug\tlibencoder\tenccu.obj
c:\fun\3d-hevc\htm\htm-16.0\htm-16.0-mv-draft-5\build\vc2015\x64\debug\tlibencoder\tencentropy.obj
c:\fun\3d-hevc\htm\htm-16.0\htm-16.0-mv-draft-5\build\vc2015\x64\debug\tlibencoder\tencgop.obj
c:\fun\3d-hevc\htm\htm-16.0\htm-16.0-mv-draft-5\build\vc2015\x64\debug\tlibencoder\tencpic.obj
c:\fun\3d-hevc\htm\htm-16.0\htm-16.0-mv-draft-5\build\vc2015\x64\debug\tlibencoder\tencpreanalyzer.obj
c:\fun\3d-hevc\htm\htm-16.0\htm-16.0-mv-draft-5\build\vc2015\x64\debug\tlibencoder\tencratectrl.obj
c:\fun\3d-hevc\htm\htm-16.0\htm-16.0-mv-draft-5\build\vc2015\x64\debug\tlibencoder\tencsampleadaptiveoffset.obj
c:\fun\3d-hevc\htm\htm-16.0\htm-16.0-mv-draft-5\build\vc2015\x64\debug\tlibencoder\tencsbac.obj
c:\fun\3d-hevc\htm\htm-16.0\htm-16.0-mv-draft-5\build\vc2015\x64\debug\tlibencoder\tencsearch.obj
c:\fun\3d-hevc\htm\htm-16.0\htm-16.0-mv-draft-5\build\vc2015\x64\debug\tlibencoder\tencslice.obj
c:\fun\3d-hevc\htm\htm-16.0\htm-16.0-mv-draft-5\build\vc2015\x64\debug\tlibencoder\tenctop.obj
c:\fun\3d-hevc\htm\htm-16.0\htm-16.0-mv-draft-5\build\vc2015\x64\debug\tlibencoder\weightpredanalysis.obj
c:\fun\3d-hevc\htm\htm-16.0\htm-16.0-mv-draft-5\build\vc2015\x64\debug\tlibencoder\tlibencoder.lib
c:\temp\htm-16.0-mv-draft-5\build\vc2015\x64\debug\tlibencoder\nalwrite.obj
c:\temp\htm-16.0-mv-draft-5\build\vc2015\x64\debug\tlibencoder\seiencoder.obj
c:\temp\htm-16.0-mv-draft-5\build\vc2015\x64\debug\tlibencoder\seiwrite.obj
c:\temp\htm-16.0-mv-draft-5\build\vc2015\x64\debug\tlibencoder\syntaxelementwriter.obj
c:\temp\htm-16.0-mv-draft-5\build\vc2015\x64\debug\tlibencoder\tencbincodercabac.obj
c:\temp\htm-16.0-mv-draft-5\build\vc2015\x64\debug\tlibencoder\tencbincodercabaccounter.obj
c:\temp\htm-16.0-mv-draft-5\build\vc2015\x64\debug\tlibencoder\tenccavlc.obj
c:\temp\htm-16.0-mv-draft-5\build\vc2015\x64\debug\tlibencoder\tenccu.obj
c:\temp\htm-16.0-mv-draft-5\build\vc2015\x64\debug\tlibencoder\tencentropy.obj
c:\temp\htm-16.0-mv-draft-5\build\vc2015\x64\debug\tlibencoder\tencgop.obj
c:\temp\htm-16.0-mv-draft-5\build\vc2015\x64\debug\tlibencoder\tencpic.obj
c:\temp\htm-16.0-mv-draft-5\build\vc2015\x64\debug\tlibencoder\tencpreanalyzer.obj
c:\temp\htm-16.0-mv-draft-5\build\vc2015\x64\debug\tlibencoder\tencratectrl.obj
c:\temp\htm-16.0-mv-draft-5\build\vc2015\x64\debug\tlibencoder\tencsampleadaptiveoffset.obj
c:\temp\htm-16.0-mv-draft-5\build\vc2015\x64\debug\tlibencoder\tencsbac.obj
c:\temp\htm-16.0-mv-draft-5\build\vc2015\x64\debug\tlibencoder\tencsearch.obj
c:\temp\htm-16.0-mv-draft-5\build\vc2015\x64\debug\tlibencoder\tencslice.obj
c:\temp\htm-16.0-mv-draft-5\build\vc2015\x64\debug\tlibencoder\tenctop.obj
c:\temp\htm-16.0-mv-draft-5\build\vc2015\x64\debug\tlibencoder\weightpredanalysis.obj
c:\temp\htm-16.0-mv-draft-5\build\vc2015\x64\debug\tlibencoder\tlibencoder.idb
c:\temp\htm-16.0-mv-draft-5\build\vc2015\x64\debug\tlibencoder\tlibencoder.pdb
c:\temp\htm-16.0-mv-draft-5\build\\vc2015\x64\debug\tlibencoder\tlibencoder.pdb
c:\temp\htm-16.0-mv-draft-5\build\\vc2015\x64\debug\tlibencoder\tlibencoder.lib
c:\temp\htm-16.0-mv-draft-5\build\vc2015\x64\debug\tlibencoder\tlibencoder.tlog\cl.command.1.tlog
c:\temp\htm-16.0-mv-draft-5\build\vc2015\x64\debug\tlibencoder\tlibencoder.tlog\cl.read.1.tlog
c:\temp\htm-16.0-mv-draft-5\build\vc2015\x64\debug\tlibencoder\tlibencoder.tlog\cl.write.1.tlog
c:\temp\htm-16.0-mv-draft-5\build\vc2015\x64\debug\tlibencoder\tlibencoder.tlog\lib-link.read.1.tlog
c:\temp\htm-16.0-mv-draft-5\build\vc2015\x64\debug\tlibencoder\tlibencoder.tlog\lib-link.write.1.tlog
c:\temp\htm-16.0-mv-draft-5\build\vc2015\x64\debug\tlibencoder\tlibencoder.tlog\lib.command.1.tlog
