c:\fun\3d-hevc\htm\htm-16.0\htm-16.0-mv-draft-5\build\vc2015\x64\debug\tlibcommon\tlibcommon.pdb
c:\fun\3d-hevc\htm\htm-16.0\htm-16.0-mv-draft-5\build\vc2015\x64\debug\tlibcommon\tlibcommon.idb
c:\fun\3d-hevc\htm\htm-16.0\htm-16.0-mv-draft-5\build\vc2015\x64\debug\tlibcommon\libmd5.obj
c:\fun\3d-hevc\htm\htm-16.0\htm-16.0-mv-draft-5\build\vc2015\x64\debug\tlibcommon\tcomdatacu.obj
c:\fun\3d-hevc\htm\htm-16.0\htm-16.0-mv-draft-5\build\vc2015\x64\debug\tlibcommon\tcominterpolationfilter.obj
c:\fun\3d-hevc\htm\htm-16.0\htm-16.0-mv-draft-5\build\vc2015\x64\debug\tlibcommon\tcomloopfilter.obj
c:\fun\3d-hevc\htm\htm-16.0\htm-16.0-mv-draft-5\build\vc2015\x64\debug\tlibcommon\tcommotioninfo.obj
c:\fun\3d-hevc\htm\htm-16.0\htm-16.0-mv-draft-5\build\vc2015\x64\debug\tlibcommon\tcompattern.obj
c:\fun\3d-hevc\htm\htm-16.0\htm-16.0-mv-draft-5\build\vc2015\x64\debug\tlibcommon\tcompic.obj
c:\fun\3d-hevc\htm\htm-16.0\htm-16.0-mv-draft-5\build\vc2015\x64\debug\tlibcommon\tcompicsym.obj
c:\fun\3d-hevc\htm\htm-16.0\htm-16.0-mv-draft-5\build\vc2015\x64\debug\tlibcommon\tcompicyuv.obj
c:\fun\3d-hevc\htm\htm-16.0\htm-16.0-mv-draft-5\build\vc2015\x64\debug\tlibcommon\tcompicyuvmd5.obj
c:\fun\3d-hevc\htm\htm-16.0\htm-16.0-mv-draft-5\build\vc2015\x64\debug\tlibcommon\tcomprediction.obj
c:\fun\3d-hevc\htm\htm-16.0\htm-16.0-mv-draft-5\build\vc2015\x64\debug\tlibcommon\tcomrdcost.obj
c:\fun\3d-hevc\htm\htm-16.0\htm-16.0-mv-draft-5\build\vc2015\x64\debug\tlibcommon\tcomrdcostweightprediction.obj
c:\fun\3d-hevc\htm\htm-16.0\htm-16.0-mv-draft-5\build\vc2015\x64\debug\tlibcommon\tcomrom.obj
c:\fun\3d-hevc\htm\htm-16.0\htm-16.0-mv-draft-5\build\vc2015\x64\debug\tlibcommon\tcomsampleadaptiveoffset.obj
c:\fun\3d-hevc\htm\htm-16.0\htm-16.0-mv-draft-5\build\vc2015\x64\debug\tlibcommon\tcomslice.obj
c:\fun\3d-hevc\htm\htm-16.0\htm-16.0-mv-draft-5\build\vc2015\x64\debug\tlibcommon\tcomtrquant.obj
c:\fun\3d-hevc\htm\htm-16.0\htm-16.0-mv-draft-5\build\vc2015\x64\debug\tlibcommon\tcomtu.obj
c:\fun\3d-hevc\htm\htm-16.0\htm-16.0-mv-draft-5\build\vc2015\x64\debug\tlibcommon\tcomwedgelet.obj
c:\fun\3d-hevc\htm\htm-16.0\htm-16.0-mv-draft-5\build\vc2015\x64\debug\tlibcommon\tcomweightprediction.obj
c:\fun\3d-hevc\htm\htm-16.0\htm-16.0-mv-draft-5\build\vc2015\x64\debug\tlibcommon\tcomyuv.obj
c:\fun\3d-hevc\htm\htm-16.0\htm-16.0-mv-draft-5\build\vc2015\x64\debug\tlibcommon\contextmodel.obj
c:\fun\3d-hevc\htm\htm-16.0\htm-16.0-mv-draft-5\build\vc2015\x64\debug\tlibcommon\contextmodel3dbuffer.obj
c:\fun\3d-hevc\htm\htm-16.0\htm-16.0-mv-draft-5\build\vc2015\x64\debug\tlibcommon\debug.obj
c:\fun\3d-hevc\htm\htm-16.0\htm-16.0-mv-draft-5\build\vc2015\x64\debug\tlibcommon\sei.obj
c:\fun\3d-hevc\htm\htm-16.0\htm-16.0-mv-draft-5\build\vc2015\x64\debug\tlibcommon\tcombitstream.obj
c:\fun\3d-hevc\htm\htm-16.0\htm-16.0-mv-draft-5\build\vc2015\x64\debug\tlibcommon\tcomcabactables.obj
c:\fun\3d-hevc\htm\htm-16.0\htm-16.0-mv-draft-5\build\vc2015\x64\debug\tlibcommon\tcomchromaformat.obj
c:\fun\3d-hevc\htm\htm-16.0\htm-16.0-mv-draft-5\build\vc2015\x64\debug\tlibcommon\tlibcommon.lib
c:\temp\htm-16.0-mv-draft-5\build\vc2015\x64\debug\tlibcommon\contextmodel.obj
c:\temp\htm-16.0-mv-draft-5\build\vc2015\x64\debug\tlibcommon\contextmodel3dbuffer.obj
c:\temp\htm-16.0-mv-draft-5\build\vc2015\x64\debug\tlibcommon\debug.obj
c:\temp\htm-16.0-mv-draft-5\build\vc2015\x64\debug\tlibcommon\libmd5.obj
c:\temp\htm-16.0-mv-draft-5\build\vc2015\x64\debug\tlibcommon\sei.obj
c:\temp\htm-16.0-mv-draft-5\build\vc2015\x64\debug\tlibcommon\tcombitstream.obj
c:\temp\htm-16.0-mv-draft-5\build\vc2015\x64\debug\tlibcommon\tcomcabactables.obj
c:\temp\htm-16.0-mv-draft-5\build\vc2015\x64\debug\tlibcommon\tcomchromaformat.obj
c:\temp\htm-16.0-mv-draft-5\build\vc2015\x64\debug\tlibcommon\tcomdatacu.obj
c:\temp\htm-16.0-mv-draft-5\build\vc2015\x64\debug\tlibcommon\tcominterpolationfilter.obj
c:\temp\htm-16.0-mv-draft-5\build\vc2015\x64\debug\tlibcommon\tcomloopfilter.obj
c:\temp\htm-16.0-mv-draft-5\build\vc2015\x64\debug\tlibcommon\tcommotioninfo.obj
c:\temp\htm-16.0-mv-draft-5\build\vc2015\x64\debug\tlibcommon\tcompattern.obj
c:\temp\htm-16.0-mv-draft-5\build\vc2015\x64\debug\tlibcommon\tcompic.obj
c:\temp\htm-16.0-mv-draft-5\build\vc2015\x64\debug\tlibcommon\tcompicsym.obj
c:\temp\htm-16.0-mv-draft-5\build\vc2015\x64\debug\tlibcommon\tcompicyuv.obj
c:\temp\htm-16.0-mv-draft-5\build\vc2015\x64\debug\tlibcommon\tcompicyuvmd5.obj
c:\temp\htm-16.0-mv-draft-5\build\vc2015\x64\debug\tlibcommon\tcomprediction.obj
c:\temp\htm-16.0-mv-draft-5\build\vc2015\x64\debug\tlibcommon\tcomrdcost.obj
c:\temp\htm-16.0-mv-draft-5\build\vc2015\x64\debug\tlibcommon\tcomrdcostweightprediction.obj
c:\temp\htm-16.0-mv-draft-5\build\vc2015\x64\debug\tlibcommon\tcomrom.obj
c:\temp\htm-16.0-mv-draft-5\build\vc2015\x64\debug\tlibcommon\tcomsampleadaptiveoffset.obj
c:\temp\htm-16.0-mv-draft-5\build\vc2015\x64\debug\tlibcommon\tcomslice.obj
c:\temp\htm-16.0-mv-draft-5\build\vc2015\x64\debug\tlibcommon\tcomtrquant.obj
c:\temp\htm-16.0-mv-draft-5\build\vc2015\x64\debug\tlibcommon\tcomtu.obj
c:\temp\htm-16.0-mv-draft-5\build\vc2015\x64\debug\tlibcommon\tcomwedgelet.obj
c:\temp\htm-16.0-mv-draft-5\build\vc2015\x64\debug\tlibcommon\tcomweightprediction.obj
c:\temp\htm-16.0-mv-draft-5\build\vc2015\x64\debug\tlibcommon\tcomyuv.obj
c:\temp\htm-16.0-mv-draft-5\build\vc2015\x64\debug\tlibcommon\tlibcommon.idb
c:\temp\htm-16.0-mv-draft-5\build\vc2015\x64\debug\tlibcommon\tlibcommon.pdb
c:\temp\htm-16.0-mv-draft-5\build\\vc2015\x64\debug\tlibcommon\tlibcommon.pdb
c:\temp\htm-16.0-mv-draft-5\build\\vc2015\x64\debug\tlibcommon\tlibcommon.lib
c:\temp\htm-16.0-mv-draft-5\build\vc2015\x64\debug\tlibcommon\tlibcommon.tlog\cl.command.1.tlog
c:\temp\htm-16.0-mv-draft-5\build\vc2015\x64\debug\tlibcommon\tlibcommon.tlog\cl.read.1.tlog
c:\temp\htm-16.0-mv-draft-5\build\vc2015\x64\debug\tlibcommon\tlibcommon.tlog\cl.write.1.tlog
c:\temp\htm-16.0-mv-draft-5\build\vc2015\x64\debug\tlibcommon\tlibcommon.tlog\lib-link.read.1.tlog
c:\temp\htm-16.0-mv-draft-5\build\vc2015\x64\debug\tlibcommon\tlibcommon.tlog\lib-link.write.1.tlog
c:\temp\htm-16.0-mv-draft-5\build\vc2015\x64\debug\tlibcommon\tlibcommon.tlog\lib.command.1.tlog
