c:\fun\3d-hevc\htm\htm-16.0\htm-16.0-mv-draft-5\build\vc2015\x64\release\tlibdecoder\tlibdecoder.pdb
c:\fun\3d-hevc\htm\htm-16.0\htm-16.0-mv-draft-5\build\vc2015\x64\release\tlibdecoder\tdectop.obj
c:\fun\3d-hevc\htm\htm-16.0\htm-16.0-mv-draft-5\build\vc2015\x64\release\tlibdecoder\tdecslice.obj
c:\fun\3d-hevc\htm\htm-16.0\htm-16.0-mv-draft-5\build\vc2015\x64\release\tlibdecoder\tdecsbac.obj
c:\fun\3d-hevc\htm\htm-16.0\htm-16.0-mv-draft-5\build\vc2015\x64\release\tlibdecoder\tdecgop.obj
c:\fun\3d-hevc\htm\htm-16.0\htm-16.0-mv-draft-5\build\vc2015\x64\release\tlibdecoder\tdecentropy.obj
c:\fun\3d-hevc\htm\htm-16.0\htm-16.0-mv-draft-5\build\vc2015\x64\release\tlibdecoder\tdeccu.obj
c:\fun\3d-hevc\htm\htm-16.0\htm-16.0-mv-draft-5\build\vc2015\x64\release\tlibdecoder\tdeccavlc.obj
c:\fun\3d-hevc\htm\htm-16.0\htm-16.0-mv-draft-5\build\vc2015\x64\release\tlibdecoder\tdecbincodercabac.obj
c:\fun\3d-hevc\htm\htm-16.0\htm-16.0-mv-draft-5\build\vc2015\x64\release\tlibdecoder\syntaxelementparser.obj
c:\fun\3d-hevc\htm\htm-16.0\htm-16.0-mv-draft-5\build\vc2015\x64\release\tlibdecoder\seiread.obj
c:\fun\3d-hevc\htm\htm-16.0\htm-16.0-mv-draft-5\build\vc2015\x64\release\tlibdecoder\nalread.obj
c:\fun\3d-hevc\htm\htm-16.0\htm-16.0-mv-draft-5\build\vc2015\x64\release\tlibdecoder\annexbread.obj
c:\fun\3d-hevc\htm\htm-16.0\htm-16.0-mv-draft-5\build\vc2015\x64\release\tlibdecoder\tlibdecoder.lib
c:\temp\htm-16.0-mv-draft-5\build\vc2015\x64\release\tlibdecoder\annexbread.obj
c:\temp\htm-16.0-mv-draft-5\build\vc2015\x64\release\tlibdecoder\nalread.obj
c:\temp\htm-16.0-mv-draft-5\build\vc2015\x64\release\tlibdecoder\seiread.obj
c:\temp\htm-16.0-mv-draft-5\build\vc2015\x64\release\tlibdecoder\syntaxelementparser.obj
c:\temp\htm-16.0-mv-draft-5\build\vc2015\x64\release\tlibdecoder\tdecbincodercabac.obj
c:\temp\htm-16.0-mv-draft-5\build\vc2015\x64\release\tlibdecoder\tdeccavlc.obj
c:\temp\htm-16.0-mv-draft-5\build\vc2015\x64\release\tlibdecoder\tdeccu.obj
c:\temp\htm-16.0-mv-draft-5\build\vc2015\x64\release\tlibdecoder\tdecentropy.obj
c:\temp\htm-16.0-mv-draft-5\build\vc2015\x64\release\tlibdecoder\tdecgop.obj
c:\temp\htm-16.0-mv-draft-5\build\vc2015\x64\release\tlibdecoder\tdecsbac.obj
c:\temp\htm-16.0-mv-draft-5\build\vc2015\x64\release\tlibdecoder\tdecslice.obj
c:\temp\htm-16.0-mv-draft-5\build\vc2015\x64\release\tlibdecoder\tdectop.obj
c:\temp\htm-16.0-mv-draft-5\build\vc2015\x64\release\tlibdecoder\tlibdecoder.pdb
c:\temp\htm-16.0-mv-draft-5\build\\vc2015\x64\release\tlibdecoder\tlibdecoder.pdb
c:\temp\htm-16.0-mv-draft-5\build\\vc2015\x64\release\tlibdecoder\tlibdecoder.lib
c:\temp\htm-16.0-mv-draft-5\build\vc2015\x64\release\tlibdecoder\tlibdecoder.tlog\cl.command.1.tlog
c:\temp\htm-16.0-mv-draft-5\build\vc2015\x64\release\tlibdecoder\tlibdecoder.tlog\cl.read.1.tlog
c:\temp\htm-16.0-mv-draft-5\build\vc2015\x64\release\tlibdecoder\tlibdecoder.tlog\cl.write.1.tlog
c:\temp\htm-16.0-mv-draft-5\build\vc2015\x64\release\tlibdecoder\tlibdecoder.tlog\lib-link.read.1.tlog
c:\temp\htm-16.0-mv-draft-5\build\vc2015\x64\release\tlibdecoder\tlibdecoder.tlog\lib-link.write.1.tlog
c:\temp\htm-16.0-mv-draft-5\build\vc2015\x64\release\tlibdecoder\tlibdecoder.tlog\lib.command.1.tlog
