c:\fun\3d-hevc\htm\htm-16.0\htm-16.0-mv-draft-5\build\vc2015\x64\release\tappdecoder\vc141.pdb
c:\fun\3d-hevc\htm\htm-16.0\htm-16.0-mv-draft-5\build\vc2015\x64\release\tappdecoder\tappdectop.obj
c:\fun\3d-hevc\htm\htm-16.0\htm-16.0-mv-draft-5\build\vc2015\x64\release\tappdecoder\tappdeccfg.obj
c:\fun\3d-hevc\htm\htm-16.0\htm-16.0-mv-draft-5\build\vc2015\x64\release\tappdecoder\decmain.obj
c:\fun\3d-hevc\htm\htm-16.0\htm-16.0-mv-draft-5\bin\vc2015\x64\release\tappdecoder.exe
c:\fun\3d-hevc\htm\htm-16.0\htm-16.0-mv-draft-5\bin\vc2015\x64\release\tappdecoder.pdb
c:\fun\3d-hevc\htm\htm-16.0\htm-16.0-mv-draft-5\bin\vc2015\x64\release\tappdecoder.ipdb
c:\fun\3d-hevc\htm\htm-16.0\htm-16.0-mv-draft-5\bin\vc2015\x64\release\tappdecoder.iobj
c:\temp\htm-16.0-mv-draft-5\build\vc2015\x64\release\tappdecoder\decmain.obj
c:\temp\htm-16.0-mv-draft-5\build\vc2015\x64\release\tappdecoder\tappdeccfg.obj
c:\temp\htm-16.0-mv-draft-5\build\vc2015\x64\release\tappdecoder\tappdectop.obj
c:\temp\htm-16.0-mv-draft-5\build\vc2015\x64\release\tappdecoder\vc141.pdb
c:\temp\htm-16.0-mv-draft-5\build\\..\bin\vc2015\x64\release\tappdecoder.pdb
c:\temp\htm-16.0-mv-draft-5\build\\..\bin\vc2015\x64\release\tappdecoder.exe
c:\temp\htm-16.0-mv-draft-5\build\vc2015\x64\release\tappdecoder\tappdecoder.tlog\cl.command.1.tlog
c:\temp\htm-16.0-mv-draft-5\build\vc2015\x64\release\tappdecoder\tappdecoder.tlog\cl.read.1.tlog
c:\temp\htm-16.0-mv-draft-5\build\vc2015\x64\release\tappdecoder\tappdecoder.tlog\cl.write.1.tlog
c:\temp\htm-16.0-mv-draft-5\build\vc2015\x64\release\tappdecoder\tappdecoder.tlog\link.command.1.tlog
c:\temp\htm-16.0-mv-draft-5\build\vc2015\x64\release\tappdecoder\tappdecoder.tlog\link.read.1.tlog
c:\temp\htm-16.0-mv-draft-5\build\vc2015\x64\release\tappdecoder\tappdecoder.tlog\link.write.1.tlog
c:\temp\htm-16.0-mv-draft-5\build\vc2015\x64\release\tappdecoder\tappdecoder.tlog\tappdecoder.write.1u.tlog
