c:\fun\3d-hevc\htm\htm-16.0\htm-16.0-mv-draft-5\build\vc2015\x64\release\tlibrenderer\tlibrenderer.pdb
c:\fun\3d-hevc\htm\htm-16.0\htm-16.0-mv-draft-5\build\vc2015\x64\release\tlibrenderer\trentop.obj
c:\fun\3d-hevc\htm\htm-16.0\htm-16.0-mv-draft-5\build\vc2015\x64\release\tlibrenderer\trensinglemodel.obj
c:\fun\3d-hevc\htm\htm-16.0\htm-16.0-mv-draft-5\build\vc2015\x64\release\tlibrenderer\trenmodsetupstrparser.obj
c:\fun\3d-hevc\htm\htm-16.0\htm-16.0-mv-draft-5\build\vc2015\x64\release\tlibrenderer\trenmodel.obj
c:\fun\3d-hevc\htm\htm-16.0\htm-16.0-mv-draft-5\build\vc2015\x64\release\tlibrenderer\treninterpfilter.obj
c:\fun\3d-hevc\htm\htm-16.0\htm-16.0-mv-draft-5\build\vc2015\x64\release\tlibrenderer\trenimage.obj
c:\fun\3d-hevc\htm\htm-16.0\htm-16.0-mv-draft-5\build\vc2015\x64\release\tlibrenderer\trenimageplane.obj
c:\fun\3d-hevc\htm\htm-16.0\htm-16.0-mv-draft-5\build\vc2015\x64\release\tlibrenderer\trenfilter.obj
c:\fun\3d-hevc\htm\htm-16.0\htm-16.0-mv-draft-5\build\vc2015\x64\release\tlibrenderer\tlibrenderer.lib
c:\temp\htm-16.0-mv-draft-5\build\vc2015\x64\release\tlibrenderer\trenfilter.obj
c:\temp\htm-16.0-mv-draft-5\build\vc2015\x64\release\tlibrenderer\trenimage.obj
c:\temp\htm-16.0-mv-draft-5\build\vc2015\x64\release\tlibrenderer\trenimageplane.obj
c:\temp\htm-16.0-mv-draft-5\build\vc2015\x64\release\tlibrenderer\treninterpfilter.obj
c:\temp\htm-16.0-mv-draft-5\build\vc2015\x64\release\tlibrenderer\trenmodel.obj
c:\temp\htm-16.0-mv-draft-5\build\vc2015\x64\release\tlibrenderer\trenmodsetupstrparser.obj
c:\temp\htm-16.0-mv-draft-5\build\vc2015\x64\release\tlibrenderer\trensinglemodel.obj
c:\temp\htm-16.0-mv-draft-5\build\vc2015\x64\release\tlibrenderer\trentop.obj
c:\temp\htm-16.0-mv-draft-5\build\vc2015\x64\release\tlibrenderer\tlibrenderer.pdb
c:\temp\htm-16.0-mv-draft-5\build\\vc2015\x64\release\tlibrenderer\tlibrenderer.pdb
c:\temp\htm-16.0-mv-draft-5\build\\vc2015\x64\release\tlibrenderer\tlibrenderer.lib
c:\temp\htm-16.0-mv-draft-5\build\vc2015\x64\release\tlibrenderer\tlibrenderer.tlog\cl.command.1.tlog
c:\temp\htm-16.0-mv-draft-5\build\vc2015\x64\release\tlibrenderer\tlibrenderer.tlog\cl.read.1.tlog
c:\temp\htm-16.0-mv-draft-5\build\vc2015\x64\release\tlibrenderer\tlibrenderer.tlog\cl.write.1.tlog
c:\temp\htm-16.0-mv-draft-5\build\vc2015\x64\release\tlibrenderer\tlibrenderer.tlog\lib-link.read.1.tlog
c:\temp\htm-16.0-mv-draft-5\build\vc2015\x64\release\tlibrenderer\tlibrenderer.tlog\lib-link.write.1.tlog
c:\temp\htm-16.0-mv-draft-5\build\vc2015\x64\release\tlibrenderer\tlibrenderer.tlog\lib.command.1.tlog
