c:\fun\3d-hevc\htm\htm-16.0\htm-16.0-mv-draft-5\build\vc2015\x64\debug\tappencoder\vc141.pdb
c:\fun\3d-hevc\htm\htm-16.0\htm-16.0-mv-draft-5\build\vc2015\x64\debug\tappencoder\vc141.idb
c:\fun\3d-hevc\htm\htm-16.0\htm-16.0-mv-draft-5\build\vc2015\x64\debug\tappencoder\encmain.obj
c:\fun\3d-hevc\htm\htm-16.0\htm-16.0-mv-draft-5\build\vc2015\x64\debug\tappencoder\tappenccfg.obj
c:\fun\3d-hevc\htm\htm-16.0\htm-16.0-mv-draft-5\build\vc2015\x64\debug\tappencoder\tappenctop.obj
c:\fun\3d-hevc\htm\htm-16.0\htm-16.0-mv-draft-5\bin\vc2015\x64\debug\tappencoder.ilk
c:\fun\3d-hevc\htm\htm-16.0\htm-16.0-mv-draft-5\bin\vc2015\x64\debug\tappencoder.exe
c:\fun\3d-hevc\htm\htm-16.0\htm-16.0-mv-draft-5\bin\vc2015\x64\debug\tappencoder.pdb
c:\temp\htm-16.0-mv-draft-5\build\vc2015\x64\debug\tappencoder\encmain.obj
c:\temp\htm-16.0-mv-draft-5\build\vc2015\x64\debug\tappencoder\tappenccfg.obj
c:\temp\htm-16.0-mv-draft-5\build\vc2015\x64\debug\tappencoder\tappenctop.obj
c:\temp\htm-16.0-mv-draft-5\build\vc2015\x64\debug\tappencoder\vc141.idb
c:\temp\htm-16.0-mv-draft-5\build\vc2015\x64\debug\tappencoder\vc141.pdb
c:\temp\htm-16.0-mv-draft-5\build\\..\bin\vc2015\x64\debug\tappencoder.pdb
c:\temp\htm-16.0-mv-draft-5\build\\..\bin\vc2015\x64\debug\tappencoder.exe
c:\temp\htm-16.0-mv-draft-5\build\\..\bin\vc2015\x64\debug\tappencoder.ilk
c:\temp\htm-16.0-mv-draft-5\build\vc2015\x64\debug\tappencoder\tappencoder.tlog\cl.command.1.tlog
c:\temp\htm-16.0-mv-draft-5\build\vc2015\x64\debug\tappencoder\tappencoder.tlog\cl.read.1.tlog
c:\temp\htm-16.0-mv-draft-5\build\vc2015\x64\debug\tappencoder\tappencoder.tlog\cl.write.1.tlog
c:\temp\htm-16.0-mv-draft-5\build\vc2015\x64\debug\tappencoder\tappencoder.tlog\link.command.1.tlog
c:\temp\htm-16.0-mv-draft-5\build\vc2015\x64\debug\tappencoder\tappencoder.tlog\link.read.1.tlog
c:\temp\htm-16.0-mv-draft-5\build\vc2015\x64\debug\tappencoder\tappencoder.tlog\link.write.1.tlog
